<?xml version="1.0" encoding="utf-8"?><testsuites name="pytest tests"><testsuite name="pytest" errors="0" failures="1" skipped="0" tests="7" time="19.928" timestamp="2026-01-04T13:19:12.211438+00:00" hostname="agent-env-dd8f7c28-94c5-4a42-91ba-4c00408fe080"><testcase classname="tests.test_alexis_api.TestAuthEndpoints" name="test_login_creates_technician" time="0.074" /><testcase classname="tests.test_alexis_api.TestAuthEndpoints" name="test_login_returns_existing_technician" time="0.070" /><testcase classname="tests.test_alexis_api.TestSessionEndpoints" name="test_session_start_returns_live_session" time="0.074" /><testcase classname="tests.test_alexis_api.TestDiagnosticChatEndpoints" name="test_diagnostic_chat_returns_alexis_response" time="5.760" /><testcase classname="tests.test_alexis_api.TestTTSEndpoint" name="test_tts_returns_503_with_invalid_azure_key" time="0.250" /><testcase classname="tests.test_alexis_api.TestHealthEndpoints" name="test_root_endpoint" time="0.034" /><testcase classname="tests.test_alexis_api.TestEndToEndFlow" name="test_full_diagnostic_flow" time="13.572"><failure message="AssertionError: Follow-up chat failed after retries: No response&#10;assert (&lt;Response [520]&gt; is not None and 520 == 200)&#10; +  where 520 = &lt;Response [520]&gt;.status_code">tests/test_alexis_api.py:269: in test_full_diagnostic_flow
    assert chat2_response is not None and chat2_response.status_code == 200, f"Follow-up chat failed after retries: {chat2_response.status_code if chat2_response else 'No response'}"
E   AssertionError: Follow-up chat failed after retries: No response
E   assert (&lt;Response [520]&gt; is not None and 520 == 200)
E    +  where 520 = &lt;Response [520]&gt;.status_code</failure></testcase></testsuite></testsuites>